0 info it worked if it ends with ok
1 verbose cli [ 'C:\\Program Files\\nodejs\\node.exe',
1 verbose cli   'C:\\Program Files\\nodejs\\node_modules\\npm\\bin\\npm-cli.js',
1 verbose cli   'start' ]
2 info using npm@3.10.10
3 info using node@v7.3.0
4 verbose run-script [ 'prestart', 'start', 'poststart' ]
5 info lifecycle confusion@0.1.0~prestart: confusion@0.1.0
6 silly lifecycle confusion@0.1.0~prestart: no script for prestart, continuing
7 info lifecycle confusion@0.1.0~start: confusion@0.1.0
8 verbose lifecycle confusion@0.1.0~start: unsafe-perm in lifecycle true
9 verbose lifecycle confusion@0.1.0~start: PATH: C:\Program Files\nodejs\node_modules\npm\bin\node-gyp-bin;D:\courseera\react\confusion\node_modules\.bin;C:\app\rp47\product\11.2.0\client_1\bin;F:\apache-maven-3.3.3 (VDI01T11HSC-295)\bin;C:\Program Files (x86)\Citrix\ICAService\;C:\Program Files (x86)\Citrix\System32\;C:\Windows\System32;C:\Java\jdk1.6.0_45\bin;C:\Program Files\Citrix\ICAService\;C:\Program Files\Citrix\System32\;C:\Program Files\PuTTY\;C:\Program Files\Microsoft SQL Server\110\Tools\Binn\;C:\Program Files\Microsoft SQL Server\120\Tools\Binn\;C:\Program Files\nodejs\;C:\Program Files\Git\cmd;C:\Users\inc22912553\AppData\Local\atom\bin;C:\Users\inc22912553\AppData\Roaming\npm
10 verbose lifecycle confusion@0.1.0~start: CWD: D:\courseera\react\confusion
11 silly lifecycle confusion@0.1.0~start: Args: [ '/d /s /c', 'react-scripts start' ]
12 silly lifecycle confusion@0.1.0~start: Returned: code: 3221225786  signal: null
13 info lifecycle confusion@0.1.0~start: Failed to exec start script
14 verbose stack Error: confusion@0.1.0 start: `react-scripts start`
14 verbose stack Exit status 3221225786
14 verbose stack     at EventEmitter.<anonymous> (C:\Program Files\nodejs\node_modules\npm\lib\utils\lifecycle.js:255:16)
14 verbose stack     at emitTwo (events.js:106:13)
14 verbose stack     at EventEmitter.emit (events.js:191:7)
14 verbose stack     at ChildProcess.<anonymous> (C:\Program Files\nodejs\node_modules\npm\lib\utils\spawn.js:40:14)
14 verbose stack     at emitTwo (events.js:106:13)
14 verbose stack     at ChildProcess.emit (events.js:191:7)
14 verbose stack     at maybeClose (internal/child_process.js:885:16)
14 verbose stack     at Process.ChildProcess._handle.onexit (internal/child_process.js:226:5)
15 verbose pkgid confusion@0.1.0
16 verbose cwd D:\courseera\react\confusion
17 error Windows_NT 6.1.7601
18 error argv "C:\\Program Files\\nodejs\\node.exe" "C:\\Program Files\\nodejs\\node_modules\\npm\\bin\\npm-cli.js" "start"
19 error node v7.3.0
20 error npm  v3.10.10
21 error code ELIFECYCLE
22 error confusion@0.1.0 start: `react-scripts start`
22 error Exit status 3221225786
23 error Failed at the confusion@0.1.0 start script 'react-scripts start'.
23 error Make sure you have the latest version of node.js and npm installed.
23 error If you do, this is most likely a problem with the confusion package,
23 error not with npm itself.
23 error Tell the author that this fails on your system:
23 error     react-scripts start
23 error You can get information on how to open an issue for this project with:
23 error     npm bugs confusion
23 error Or if that isn't available, you can get their info via:
23 error     npm owner ls confusion
23 error There is likely additional logging output above.
24 verbose exit [ 1, true ]
